  [1m[35m (0.3ms)[0m  [1m[35mCREATE DATABASE `finance_tracker_development` DEFAULT CHARACTER SET `utf8mb4`[0m
  [1m[35m (0.2ms)[0m  [1m[35mCREATE DATABASE `finance_tracker_test` DEFAULT CHARACTER SET `utf8mb4`[0m
Started GET "/" for ::1 at 2021-10-30 19:37:59 +0530
Processing by Rails::WelcomeController#index as HTML
  Rendering /home/niyanta/.rvm/gems/ruby-2.5.1/gems/railties-6.1.4.1/lib/rails/templates/rails/welcome/index.html.erb
  Rendered /home/niyanta/.rvm/gems/ruby-2.5.1/gems/railties-6.1.4.1/lib/rails/templates/rails/welcome/index.html.erb (Duration: 14.7ms | Allocations: 505)
Completed 200 OK in 37ms (Views: 19.6ms | ActiveRecord: 0.0ms | Allocations: 4142)


Started GET "/" for ::1 at 2021-10-30 19:57:28 +0530
Processing by WelcomeController#index as HTML
  Rendering layout layouts/application.html.erb
  Rendering welcome/index.html.erb within layouts/application
  Rendered welcome/index.html.erb within layouts/application (Duration: 0.3ms | Allocations: 127)
[Webpacker] Compiling...
[Webpacker] Compiled all packs in /home/niyanta/ror_udemy_course/finance-tracker/public/packs
[Webpacker] Hash: e2a8a876c5815bee1e21
Version: webpack 4.46.0
Time: 1495ms
Built at: 30/10/2021 7:57:31 pm
                                     Asset       Size       Chunks                         Chunk Names
    js/application-e421b4aa3f716bebdab1.js    125 KiB  application  [emitted] [immutable]  application
js/application-e421b4aa3f716bebdab1.js.map    139 KiB  application  [emitted] [dev]        application
                             manifest.json  364 bytes               [emitted]              
Entrypoint application = js/application-e421b4aa3f716bebdab1.js js/application-e421b4aa3f716bebdab1.js.map
[./app/javascript/channels sync recursive _channel\.js$] ./app/javascript/channels sync _channel\.js$ 160 bytes {application} [built]
[./app/javascript/channels/index.js] 211 bytes {application} [built]
[./app/javascript/packs/application.js] 492 bytes {application} [built]
[./node_modules/webpack/buildin/module.js] (webpack)/buildin/module.js 552 bytes {application} [built]
    + 3 hidden modules

  Rendered layout layouts/application.html.erb (Duration: 2832.0ms | Allocations: 17490)
Completed 200 OK in 2835ms (Views: 2833.6ms | Allocations: 18680)


  [1m[35m (51.1ms)[0m  [1m[35mCREATE TABLE `schema_migrations` (`version` varchar(255) NOT NULL PRIMARY KEY)[0m
  [1m[35m (35.2ms)[0m  [1m[35mCREATE TABLE `ar_internal_metadata` (`key` varchar(255) NOT NULL PRIMARY KEY, `value` varchar(255), `created_at` datetime(6) NOT NULL, `updated_at` datetime(6) NOT NULL)[0m
  [1m[35m (0.6ms)[0m  [1m[34mSELECT GET_LOCK('4978512331109723490', 0)[0m
  [1m[35m (0.4ms)[0m  [1m[34mSELECT `schema_migrations`.`version` FROM `schema_migrations` ORDER BY `schema_migrations`.`version` ASC[0m
Migrating to DeviseCreateUsers (20211030165829)
  [1m[35m (37.4ms)[0m  [1m[35mCREATE TABLE `users` (`id` bigint NOT NULL AUTO_INCREMENT PRIMARY KEY, `email` varchar(255) DEFAULT '' NOT NULL, `encrypted_password` varchar(255) DEFAULT '' NOT NULL, `reset_password_token` varchar(255), `reset_password_sent_at` datetime, `remember_created_at` datetime, `created_at` datetime(6) NOT NULL, `updated_at` datetime(6) NOT NULL)[0m
  [1m[35m (37.9ms)[0m  [1m[35mCREATE UNIQUE INDEX `index_users_on_email` ON `users` (`email`)[0m
  [1m[35m (36.2ms)[0m  [1m[35mCREATE UNIQUE INDEX `index_users_on_reset_password_token` ON `users` (`reset_password_token`)[0m
  [1m[36mTRANSACTION (0.7ms)[0m  [1m[35mBEGIN[0m
  [1m[36mActiveRecord::SchemaMigration Create (2.7ms)[0m  [1m[32mINSERT INTO `schema_migrations` (`version`) VALUES ('20211030165829')[0m
  [1m[36mTRANSACTION (5.8ms)[0m  [1m[35mCOMMIT[0m
  [1m[36mActiveRecord::InternalMetadata Load (0.9ms)[0m  [1m[34mSELECT `ar_internal_metadata`.* FROM `ar_internal_metadata` WHERE `ar_internal_metadata`.`key` = 'environment' LIMIT 1[0m
  [1m[36mTRANSACTION (0.4ms)[0m  [1m[35mBEGIN[0m
  [1m[36mActiveRecord::InternalMetadata Create (0.7ms)[0m  [1m[32mINSERT INTO `ar_internal_metadata` (`key`, `value`, `created_at`, `updated_at`) VALUES ('environment', 'development', '2021-10-30 17:00:15.691482', '2021-10-30 17:00:15.691482')[0m
  [1m[36mTRANSACTION (5.4ms)[0m  [1m[35mCOMMIT[0m
  [1m[35m (0.4ms)[0m  [1m[34mSELECT RELEASE_LOCK('4978512331109723490')[0m
  [1m[35m (0.6ms)[0m  [1m[34mSELECT `schema_migrations`.`version` FROM `schema_migrations` ORDER BY `schema_migrations`.`version` ASC[0m
Started GET "/" for ::1 at 2021-10-30 22:33:53 +0530
  [1m[35m (0.3ms)[0m  [1m[34mSELECT `schema_migrations`.`version` FROM `schema_migrations` ORDER BY `schema_migrations`.`version` ASC[0m
Processing by WelcomeController#index as HTML
Completed 401 Unauthorized in 18ms (ActiveRecord: 0.0ms | Allocations: 2469)


Started GET "/users/sign_in" for ::1 at 2021-10-30 22:33:53 +0530
Processing by Devise::SessionsController#new as HTML
  Rendering layout layouts/application.html.erb
  Rendering /home/niyanta/.rvm/gems/ruby-2.7.2/gems/devise-4.8.0/app/views/devise/sessions/new.html.erb within layouts/application
  Rendered /home/niyanta/.rvm/gems/ruby-2.7.2/gems/devise-4.8.0/app/views/devise/shared/_links.html.erb (Duration: 2.7ms | Allocations: 610)
  Rendered /home/niyanta/.rvm/gems/ruby-2.7.2/gems/devise-4.8.0/app/views/devise/sessions/new.html.erb within layouts/application (Duration: 20.0ms | Allocations: 3587)
[Webpacker] Everything's up-to-date. Nothing to do
  Rendered layout layouts/application.html.erb (Duration: 63.1ms | Allocations: 19119)
Completed 200 OK in 98ms (Views: 78.4ms | ActiveRecord: 1.6ms | Allocations: 27023)


Started GET "/" for ::1 at 2021-10-30 22:36:08 +0530
Processing by WelcomeController#index as HTML
Completed 401 Unauthorized in 1ms (ActiveRecord: 0.0ms | Allocations: 233)


Started GET "/users/sign_in" for ::1 at 2021-10-30 22:36:08 +0530
Processing by Devise::SessionsController#new as HTML
  Rendering layout layouts/application.html.erb
  Rendering /home/niyanta/.rvm/gems/ruby-2.7.2/gems/devise-4.8.0/app/views/devise/sessions/new.html.erb within layouts/application
  Rendered /home/niyanta/.rvm/gems/ruby-2.7.2/gems/devise-4.8.0/app/views/devise/shared/_links.html.erb (Duration: 1.0ms | Allocations: 528)
  Rendered /home/niyanta/.rvm/gems/ruby-2.7.2/gems/devise-4.8.0/app/views/devise/sessions/new.html.erb within layouts/application (Duration: 4.6ms | Allocations: 1879)
[Webpacker] Everything's up-to-date. Nothing to do
  Rendered layout layouts/application.html.erb (Duration: 9.6ms | Allocations: 5091)
Completed 200 OK in 14ms (Views: 12.8ms | ActiveRecord: 0.0ms | Allocations: 6960)


Started GET "/users/sign_in" for ::1 at 2021-10-30 22:38:19 +0530
Processing by Devise::SessionsController#new as HTML
  Rendering layout layouts/application.html.erb
  Rendering /home/niyanta/.rvm/gems/ruby-2.7.2/gems/devise-4.8.0/app/views/devise/sessions/new.html.erb within layouts/application
  Rendered /home/niyanta/.rvm/gems/ruby-2.7.2/gems/devise-4.8.0/app/views/devise/shared/_links.html.erb (Duration: 0.9ms | Allocations: 528)
  Rendered /home/niyanta/.rvm/gems/ruby-2.7.2/gems/devise-4.8.0/app/views/devise/sessions/new.html.erb within layouts/application (Duration: 5.0ms | Allocations: 1879)
[Webpacker] Everything's up-to-date. Nothing to do
  Rendered layout layouts/application.html.erb (Duration: 9.8ms | Allocations: 5068)
Completed 200 OK in 16ms (Views: 14.7ms | ActiveRecord: 0.0ms | Allocations: 6928)


Started GET "/users/sign_up" for ::1 at 2021-10-30 22:38:21 +0530
Processing by Devise::RegistrationsController#new as HTML
  Rendering layout layouts/application.html.erb
  Rendering /home/niyanta/.rvm/gems/ruby-2.7.2/gems/devise-4.8.0/app/views/devise/registrations/new.html.erb within layouts/application
  Rendered /home/niyanta/.rvm/gems/ruby-2.7.2/gems/devise-4.8.0/app/views/devise/shared/_error_messages.html.erb (Duration: 0.9ms | Allocations: 222)
  Rendered /home/niyanta/.rvm/gems/ruby-2.7.2/gems/devise-4.8.0/app/views/devise/shared/_links.html.erb (Duration: 0.8ms | Allocations: 141)
  Rendered /home/niyanta/.rvm/gems/ruby-2.7.2/gems/devise-4.8.0/app/views/devise/registrations/new.html.erb within layouts/application (Duration: 7.3ms | Allocations: 1868)
[Webpacker] Everything's up-to-date. Nothing to do
  Rendered layout layouts/application.html.erb (Duration: 14.0ms | Allocations: 4820)
Completed 200 OK in 22ms (Views: 19.9ms | ActiveRecord: 0.0ms | Allocations: 6654)


Started POST "/users" for ::1 at 2021-10-30 22:39:33 +0530
Processing by Devise::RegistrationsController#create as HTML
  Parameters: {"authenticity_token"=>"[FILTERED]", "user"=>{"email"=>"niyanta150792@gmail.com", "password"=>"[FILTERED]", "password_confirmation"=>"[FILTERED]"}, "commit"=>"Sign up"}
  [1m[36mTRANSACTION (0.2ms)[0m  [1m[35mBEGIN[0m
  [1m[36mUser Exists? (0.3ms)[0m  [1m[34mSELECT 1 AS one FROM `users` WHERE `users`.`email` = BINARY 'niyanta150792@gmail.com' LIMIT 1[0m
  [1m[36mUser Create (0.4ms)[0m  [1m[32mINSERT INTO `users` (`email`, `encrypted_password`, `created_at`, `updated_at`) VALUES ('niyanta150792@gmail.com', '$2a$12$Lmpc7zrDTc5oEBf4ocS9.uoMpIX.Jbtq38p31dRRgxwjCjXS7Bb0e', '2021-10-30 17:09:33.810121', '2021-10-30 17:09:33.810121')[0m
  [1m[36mTRANSACTION (7.7ms)[0m  [1m[35mCOMMIT[0m
Redirected to http://localhost:3000/
Completed 302 Found in 365ms (ActiveRecord: 8.8ms | Allocations: 10998)


Started GET "/" for ::1 at 2021-10-30 22:39:33 +0530
Processing by WelcomeController#index as HTML
  [1m[36mUser Load (0.6ms)[0m  [1m[34mSELECT `users`.* FROM `users` WHERE `users`.`id` = 1 ORDER BY `users`.`id` ASC LIMIT 1[0m
  Rendering layout layouts/application.html.erb
  Rendering welcome/index.html.erb within layouts/application
  Rendered welcome/index.html.erb within layouts/application (Duration: 0.7ms | Allocations: 171)
[Webpacker] Everything's up-to-date. Nothing to do
  Rendered layout layouts/application.html.erb (Duration: 5.9ms | Allocations: 3158)
Completed 200 OK in 21ms (Views: 7.4ms | ActiveRecord: 0.6ms | Allocations: 5310)


Started DELETE "/users/sign_out" for ::1 at 2021-10-30 22:39:36 +0530
Processing by Devise::SessionsController#destroy as HTML
  Parameters: {"authenticity_token"=>"[FILTERED]"}
  [1m[36mUser Load (1.0ms)[0m  [1m[34mSELECT `users`.* FROM `users` WHERE `users`.`id` = 1 ORDER BY `users`.`id` ASC LIMIT 1[0m
Redirected to http://localhost:3000/
Completed 302 Found in 18ms (ActiveRecord: 1.0ms | Allocations: 2210)


Started GET "/" for ::1 at 2021-10-30 22:39:36 +0530
Processing by WelcomeController#index as HTML
Completed 401 Unauthorized in 1ms (ActiveRecord: 0.0ms | Allocations: 229)


Started GET "/users/sign_in" for ::1 at 2021-10-30 22:39:36 +0530
Processing by Devise::SessionsController#new as HTML
  Rendering layout layouts/application.html.erb
  Rendering /home/niyanta/.rvm/gems/ruby-2.7.2/gems/devise-4.8.0/app/views/devise/sessions/new.html.erb within layouts/application
  Rendered /home/niyanta/.rvm/gems/ruby-2.7.2/gems/devise-4.8.0/app/views/devise/shared/_links.html.erb (Duration: 0.4ms | Allocations: 152)
  Rendered /home/niyanta/.rvm/gems/ruby-2.7.2/gems/devise-4.8.0/app/views/devise/sessions/new.html.erb within layouts/application (Duration: 3.2ms | Allocations: 1020)
[Webpacker] Everything's up-to-date. Nothing to do
  Rendered layout layouts/application.html.erb (Duration: 9.1ms | Allocations: 4014)
Completed 200 OK in 11ms (Views: 9.9ms | ActiveRecord: 0.0ms | Allocations: 4611)


Started POST "/users/sign_in" for ::1 at 2021-10-30 22:39:43 +0530
Processing by Devise::SessionsController#create as HTML
  Parameters: {"authenticity_token"=>"[FILTERED]", "user"=>{"email"=>"niyanta150792@gmail.com", "password"=>"[FILTERED]", "remember_me"=>"0"}, "commit"=>"Log in"}
  [1m[36mUser Load (0.7ms)[0m  [1m[34mSELECT `users`.* FROM `users` WHERE `users`.`email` = 'niyanta150792@gmail.com' ORDER BY `users`.`id` ASC LIMIT 1[0m
Redirected to http://localhost:3000/
Completed 302 Found in 321ms (ActiveRecord: 0.7ms | Allocations: 2789)


Started GET "/" for ::1 at 2021-10-30 22:39:44 +0530
Processing by WelcomeController#index as HTML
  [1m[36mUser Load (0.4ms)[0m  [1m[34mSELECT `users`.* FROM `users` WHERE `users`.`id` = 1 ORDER BY `users`.`id` ASC LIMIT 1[0m
  Rendering layout layouts/application.html.erb
  Rendering welcome/index.html.erb within layouts/application
  Rendered welcome/index.html.erb within layouts/application (Duration: 0.5ms | Allocations: 70)
[Webpacker] Everything's up-to-date. Nothing to do
  Rendered layout layouts/application.html.erb (Duration: 7.0ms | Allocations: 3047)
Completed 200 OK in 12ms (Views: 7.8ms | ActiveRecord: 0.4ms | Allocations: 4544)


Started DELETE "/users/sign_out" for ::1 at 2021-10-30 22:39:46 +0530
Processing by Devise::SessionsController#destroy as HTML
  Parameters: {"authenticity_token"=>"[FILTERED]"}
  [1m[36mUser Load (1.0ms)[0m  [1m[34mSELECT `users`.* FROM `users` WHERE `users`.`id` = 1 ORDER BY `users`.`id` ASC LIMIT 1[0m
Redirected to http://localhost:3000/
Completed 302 Found in 13ms (ActiveRecord: 1.0ms | Allocations: 1692)


Started GET "/" for ::1 at 2021-10-30 22:39:46 +0530
Processing by WelcomeController#index as HTML
Completed 401 Unauthorized in 1ms (ActiveRecord: 0.0ms | Allocations: 229)


Started GET "/users/sign_in" for ::1 at 2021-10-30 22:39:46 +0530
Processing by Devise::SessionsController#new as HTML
  Rendering layout layouts/application.html.erb
  Rendering /home/niyanta/.rvm/gems/ruby-2.7.2/gems/devise-4.8.0/app/views/devise/sessions/new.html.erb within layouts/application
  Rendered /home/niyanta/.rvm/gems/ruby-2.7.2/gems/devise-4.8.0/app/views/devise/shared/_links.html.erb (Duration: 0.3ms | Allocations: 152)
  Rendered /home/niyanta/.rvm/gems/ruby-2.7.2/gems/devise-4.8.0/app/views/devise/sessions/new.html.erb within layouts/application (Duration: 2.4ms | Allocations: 1009)
[Webpacker] Everything's up-to-date. Nothing to do
  Rendered layout layouts/application.html.erb (Duration: 6.9ms | Allocations: 3998)
Completed 200 OK in 9ms (Views: 7.8ms | ActiveRecord: 0.0ms | Allocations: 4589)


  [1m[36mUser Load (0.8ms)[0m  [1m[34mSELECT `users`.* FROM `users`[0m
Started GET "/users/sign_in" for ::1 at 2021-10-30 22:55:36 +0530
  [1m[35m (0.5ms)[0m  [1m[34mSELECT `schema_migrations`.`version` FROM `schema_migrations` ORDER BY `schema_migrations`.`version` ASC[0m
Processing by Devise::SessionsController#new as HTML
  Rendering layout layouts/application.html.erb
  Rendering /home/niyanta/.rvm/gems/ruby-2.7.2/gems/devise-4.8.0/app/views/devise/sessions/new.html.erb within layouts/application
  Rendered /home/niyanta/.rvm/gems/ruby-2.7.2/gems/devise-4.8.0/app/views/devise/shared/_links.html.erb (Duration: 4.8ms | Allocations: 612)
  Rendered /home/niyanta/.rvm/gems/ruby-2.7.2/gems/devise-4.8.0/app/views/devise/sessions/new.html.erb within layouts/application (Duration: 25.7ms | Allocations: 4916)
[Webpacker] Compiling...
[Webpacker] Compiled all packs in /home/niyanta/ror_udemy_course/finance-tracker/public/packs
[Webpacker] Hash: a7c5ba17c8d37e43b6d8
Version: webpack 4.46.0
Time: 3847ms
Built at: 30/10/2021 10:55:42 pm
                                     Asset       Size       Chunks                         Chunk Names
    js/application-c7b6820ac093db3a01cf.js    653 KiB  application  [emitted] [immutable]  application
js/application-c7b6820ac093db3a01cf.js.map    764 KiB  application  [emitted] [dev]        application
                             manifest.json  364 bytes               [emitted]              
Entrypoint application = js/application-c7b6820ac093db3a01cf.js js/application-c7b6820ac093db3a01cf.js.map
[./app/javascript/channels sync recursive _channel\.js$] ./app/javascript/channels sync _channel\.js$ 160 bytes {application} [built]
[./app/javascript/channels/index.js] 211 bytes {application} [built]
[./app/javascript/packs/application.js] 512 bytes {application} [built]
[./node_modules/webpack/buildin/global.js] (webpack)/buildin/global.js 905 bytes {application} [built]
[./node_modules/webpack/buildin/module.js] (webpack)/buildin/module.js 552 bytes {application} [built]
    + 6 hidden modules

  Rendered layouts/_navbar.html.erb (Duration: 0.6ms | Allocations: 142)
  Rendered layout layouts/application.html.erb (Duration: 5665.4ms | Allocations: 34171)
Completed 200 OK in 5691ms (Views: 5671.5ms | ActiveRecord: 0.9ms | Allocations: 42027)


Started GET "/users/sign_in" for ::1 at 2021-10-30 22:59:20 +0530
Processing by Devise::SessionsController#new as HTML
  Rendering layout layouts/application.html.erb
  Rendering /home/niyanta/.rvm/gems/ruby-2.7.2/gems/devise-4.8.0/app/views/devise/sessions/new.html.erb within layouts/application
  Rendered /home/niyanta/.rvm/gems/ruby-2.7.2/gems/devise-4.8.0/app/views/devise/shared/_links.html.erb (Duration: 2.0ms | Allocations: 528)
  Rendered /home/niyanta/.rvm/gems/ruby-2.7.2/gems/devise-4.8.0/app/views/devise/sessions/new.html.erb within layouts/application (Duration: 7.8ms | Allocations: 1881)
[Webpacker] Everything's up-to-date. Nothing to do
  Rendered layouts/_navbar.html.erb (Duration: 0.6ms | Allocations: 137)
  Rendered layout layouts/application.html.erb (Duration: 16.8ms | Allocations: 5500)
Completed 200 OK in 28ms (Views: 25.2ms | ActiveRecord: 0.0ms | Allocations: 7389)


Started GET "/users/sign_in" for ::1 at 2021-10-30 23:04:33 +0530
  [1m[35m (0.3ms)[0m  [1m[34mSELECT `schema_migrations`.`version` FROM `schema_migrations` ORDER BY `schema_migrations`.`version` ASC[0m
Processing by Devise::SessionsController#new as HTML
  Rendering layout layouts/application.html.erb
  Rendering devise/sessions/new.html.erb within layouts/application
  Rendered devise/shared/_links.html.erb (Duration: 1.6ms | Allocations: 662)
  Rendered devise/sessions/new.html.erb within layouts/application (Duration: 15.5ms | Allocations: 6274)
[Webpacker] Everything's up-to-date. Nothing to do
  Rendered layouts/_navbar.html.erb (Duration: 0.3ms | Allocations: 106)
  Rendered layout layouts/application.html.erb (Duration: 46.6ms | Allocations: 12180)
Completed 200 OK in 74ms (Views: 50.7ms | ActiveRecord: 1.4ms | Allocations: 20074)


Started GET "/users/sign_in" for ::1 at 2021-10-30 23:07:00 +0530
Processing by Devise::SessionsController#new as HTML
  Rendering layout layouts/application.html.erb
  Rendering devise/sessions/new.html.erb within layouts/application
  Rendered devise/shared/_links.html.erb (Duration: 3.2ms | Allocations: 567)
  Rendered devise/sessions/new.html.erb within layouts/application (Duration: 9.9ms | Allocations: 1874)
[Webpacker] Everything's up-to-date. Nothing to do
  Rendered layouts/_navbar.html.erb (Duration: 0.9ms | Allocations: 104)
  Rendered layout layouts/application.html.erb (Duration: 26.7ms | Allocations: 5540)
Completed 200 OK in 38ms (Views: 34.8ms | ActiveRecord: 0.0ms | Allocations: 7449)


Started GET "/users/sign_in" for ::1 at 2021-10-30 23:08:27 +0530
Processing by Devise::SessionsController#new as HTML
  Rendering layout layouts/application.html.erb
  Rendering devise/sessions/new.html.erb within layouts/application
  Rendered devise/shared/_links.html.erb (Duration: 1.1ms | Allocations: 567)
  Rendered devise/sessions/new.html.erb within layouts/application (Duration: 4.3ms | Allocations: 1874)
[Webpacker] Everything's up-to-date. Nothing to do
  Rendered layouts/_navbar.html.erb (Duration: 0.5ms | Allocations: 107)
  Rendered layout layouts/application.html.erb (Duration: 13.7ms | Allocations: 5539)
Completed 200 OK in 18ms (Views: 17.0ms | ActiveRecord: 0.0ms | Allocations: 7447)


Started GET "/users/sign_in" for ::1 at 2021-10-30 23:09:59 +0530
Processing by Devise::SessionsController#new as HTML
  Rendering layout layouts/application.html.erb
  Rendering devise/sessions/new.html.erb within layouts/application
  Rendered devise/shared/_links.html.erb (Duration: 1.2ms | Allocations: 567)
  Rendered devise/sessions/new.html.erb within layouts/application (Duration: 6.0ms | Allocations: 1874)
[Webpacker] Everything's up-to-date. Nothing to do
  Rendered layouts/_navbar.html.erb (Duration: 0.4ms | Allocations: 107)
  Rendered layout layouts/application.html.erb (Duration: 14.9ms | Allocations: 5539)
Completed 200 OK in 19ms (Views: 18.2ms | ActiveRecord: 0.0ms | Allocations: 7447)


Started GET "/users/sign_in" for ::1 at 2021-10-30 23:10:14 +0530
Processing by Devise::SessionsController#new as HTML
  Rendering layout layouts/application.html.erb
  Rendering devise/sessions/new.html.erb within layouts/application
  Rendered devise/shared/_links.html.erb (Duration: 1.1ms | Allocations: 567)
  Rendered devise/sessions/new.html.erb within layouts/application (Duration: 5.1ms | Allocations: 1874)
[Webpacker] Everything's up-to-date. Nothing to do
  Rendered layouts/_navbar.html.erb (Duration: 0.4ms | Allocations: 107)
  Rendered layout layouts/application.html.erb (Duration: 13.7ms | Allocations: 5537)
Completed 200 OK in 19ms (Views: 17.4ms | ActiveRecord: 0.0ms | Allocations: 7431)


Started GET "/users/sign_in" for ::1 at 2021-10-30 23:10:26 +0530
Processing by Devise::SessionsController#new as HTML
  Rendering layout layouts/application.html.erb
  Rendering devise/sessions/new.html.erb within layouts/application
  Rendered devise/shared/_links.html.erb (Duration: 1.5ms | Allocations: 567)
  Rendered devise/sessions/new.html.erb within layouts/application (Duration: 7.0ms | Allocations: 1874)
[Webpacker] Everything's up-to-date. Nothing to do
  Rendered layouts/_navbar.html.erb (Duration: 0.4ms | Allocations: 107)
  Rendered layout layouts/application.html.erb (Duration: 15.2ms | Allocations: 5539)
Completed 200 OK in 23ms (Views: 21.2ms | Allocations: 7446)


Started GET "/users/sign_in" for ::1 at 2021-10-30 23:10:28 +0530
Processing by Devise::SessionsController#new as HTML
  Rendering layout layouts/application.html.erb
  Rendering devise/sessions/new.html.erb within layouts/application
  Rendered devise/shared/_links.html.erb (Duration: 0.4ms | Allocations: 146)
  Rendered devise/sessions/new.html.erb within layouts/application (Duration: 3.4ms | Allocations: 983)
[Webpacker] Everything's up-to-date. Nothing to do
  Rendered layouts/_navbar.html.erb (Duration: 0.1ms | Allocations: 5)
  Rendered layout layouts/application.html.erb (Duration: 11.8ms | Allocations: 4197)
Completed 200 OK in 14ms (Views: 12.7ms | Allocations: 4785)


Started GET "/users/sign_in" for ::1 at 2021-10-30 23:10:42 +0530
Processing by Devise::SessionsController#new as HTML
  Rendering layout layouts/application.html.erb
  Rendering devise/sessions/new.html.erb within layouts/application
  Rendered devise/shared/_links.html.erb (Duration: 1.6ms | Allocations: 567)
  Rendered devise/sessions/new.html.erb within layouts/application (Duration: 7.8ms | Allocations: 1880)
[Webpacker] Everything's up-to-date. Nothing to do
  Rendered layouts/_navbar.html.erb (Duration: 0.3ms | Allocations: 107)
  Rendered layout layouts/application.html.erb (Duration: 16.9ms | Allocations: 5554)
Completed 200 OK in 31ms (Views: 28.1ms | Allocations: 7461)


Started GET "/users/sign_in" for ::1 at 2021-10-30 23:10:54 +0530
Processing by Devise::SessionsController#new as HTML
  Rendering layout layouts/application.html.erb
  Rendering devise/sessions/new.html.erb within layouts/application
  Rendered devise/shared/_links.html.erb (Duration: 1.3ms | Allocations: 567)
  Rendered devise/sessions/new.html.erb within layouts/application (Duration: 5.3ms | Allocations: 1874)
[Webpacker] Everything's up-to-date. Nothing to do
  Rendered layouts/_navbar.html.erb (Duration: 0.3ms | Allocations: 107)
  Rendered layout layouts/application.html.erb (Duration: 15.3ms | Allocations: 5537)
Completed 200 OK in 20ms (Views: 19.0ms | Allocations: 7430)


Started GET "/users/sign_in" for ::1 at 2021-10-30 23:11:02 +0530
Processing by Devise::SessionsController#new as HTML
  Rendering layout layouts/application.html.erb
  Rendering devise/sessions/new.html.erb within layouts/application
  Rendered devise/shared/_links.html.erb (Duration: 1.7ms | Allocations: 567)
  Rendered devise/sessions/new.html.erb within layouts/application (Duration: 9.6ms | Allocations: 1874)
[Webpacker] Everything's up-to-date. Nothing to do
  Rendered layouts/_navbar.html.erb (Duration: 0.3ms | Allocations: 107)
  Rendered layout layouts/application.html.erb (Duration: 18.8ms | Allocations: 5537)
Completed 200 OK in 30ms (Views: 27.3ms | Allocations: 7430)


Started GET "/users/sign_in" for ::1 at 2021-10-30 23:12:36 +0530
Processing by Devise::SessionsController#new as HTML
  Rendering layout layouts/application.html.erb
  Rendering devise/sessions/new.html.erb within layouts/application
  Rendered devise/shared/_links.html.erb (Duration: 2.3ms | Allocations: 567)
  Rendered devise/sessions/new.html.erb within layouts/application (Duration: 11.1ms | Allocations: 1891)
[Webpacker] Everything's up-to-date. Nothing to do
  Rendered layouts/_navbar.html.erb (Duration: 0.6ms | Allocations: 106)
  Rendered layout layouts/application.html.erb (Duration: 20.8ms | Allocations: 5554)
Completed 200 OK in 32ms (Views: 28.4ms | Allocations: 7447)


Started GET "/users/sign_up" for ::1 at 2021-10-30 23:12:53 +0530
Processing by Devise::RegistrationsController#new as HTML
  Rendering layout layouts/application.html.erb
  Rendering devise/registrations/new.html.erb within layouts/application
  Rendered devise/shared/_links.html.erb (Duration: 0.8ms | Allocations: 131)
  Rendered devise/registrations/new.html.erb within layouts/application (Duration: 7.2ms | Allocations: 1446)
[Webpacker] Everything's up-to-date. Nothing to do
  Rendered layouts/_navbar.html.erb (Duration: 0.1ms | Allocations: 5)
  Rendered layout layouts/application.html.erb (Duration: 18.1ms | Allocations: 4723)
Completed 200 OK in 24ms (Views: 23.0ms | Allocations: 6482)


Started GET "/users/sign_in" for ::1 at 2021-10-30 23:12:55 +0530
Processing by Devise::SessionsController#new as HTML
  Rendering layout layouts/application.html.erb
  Rendering devise/sessions/new.html.erb within layouts/application
  Rendered devise/shared/_links.html.erb (Duration: 0.7ms | Allocations: 146)
  Rendered devise/sessions/new.html.erb within layouts/application (Duration: 4.1ms | Allocations: 984)
[Webpacker] Everything's up-to-date. Nothing to do
  Rendered layouts/_navbar.html.erb (Duration: 0.1ms | Allocations: 5)
  Rendered layout layouts/application.html.erb (Duration: 12.2ms | Allocations: 4200)
Completed 200 OK in 17ms (Views: 13.6ms | Allocations: 4791)


Started GET "/users/sign_up" for ::1 at 2021-10-30 23:13:24 +0530
Processing by Devise::RegistrationsController#new as HTML
  Rendering layout layouts/application.html.erb
  Rendering devise/registrations/new.html.erb within layouts/application
  Rendered devise/shared/_links.html.erb (Duration: 1.5ms | Allocations: 509)
  Rendered devise/registrations/new.html.erb within layouts/application (Duration: 5.4ms | Allocations: 1874)
[Webpacker] Everything's up-to-date. Nothing to do
  Rendered layouts/_navbar.html.erb (Duration: 0.6ms | Allocations: 106)
  Rendered layout layouts/application.html.erb (Duration: 20.5ms | Allocations: 6123)
Completed 200 OK in 26ms (Views: 24.5ms | Allocations: 7954)


Started GET "/" for ::1 at 2021-10-30 23:15:07 +0530
Processing by WelcomeController#index as HTML
Completed 401 Unauthorized in 1ms (Allocations: 282)


Started GET "/users/sign_in" for ::1 at 2021-10-30 23:15:07 +0530
Processing by Devise::SessionsController#new as HTML
  Rendering layout layouts/application.html.erb
  Rendering devise/sessions/new.html.erb within layouts/application
  Rendered devise/shared/_links.html.erb (Duration: 1.5ms | Allocations: 146)
  Rendered devise/sessions/new.html.erb within layouts/application (Duration: 7.8ms | Allocations: 1335)
[Webpacker] Everything's up-to-date. Nothing to do
  Rendered layouts/_navbar.html.erb (Duration: 0.1ms | Allocations: 5)
  Rendered layout layouts/application.html.erb (Duration: 20.2ms | Allocations: 4553)
Completed 200 OK in 28ms (Views: 25.3ms | Allocations: 5808)


Started GET "/" for ::1 at 2021-10-30 23:16:41 +0530
Processing by WelcomeController#index as HTML
Completed 401 Unauthorized in 1ms (Allocations: 225)


Started GET "/users/sign_in" for ::1 at 2021-10-30 23:16:41 +0530
Processing by Devise::SessionsController#new as HTML
  Rendering layout layouts/application.html.erb
  Rendering devise/sessions/new.html.erb within layouts/application
  Rendered devise/shared/_links.html.erb (Duration: 3.5ms | Allocations: 567)
  Rendered devise/sessions/new.html.erb within layouts/application (Duration: 11.7ms | Allocations: 1890)
[Webpacker] Everything's up-to-date. Nothing to do
  Rendered layouts/_navbar.html.erb (Duration: 0.5ms | Allocations: 107)
  Rendered layout layouts/application.html.erb (Duration: 30.3ms | Allocations: 5568)
Completed 200 OK in 41ms (Views: 39.4ms | Allocations: 7485)


Started POST "/users/sign_in" for ::1 at 2021-10-30 23:17:12 +0530
Processing by Devise::SessionsController#create as HTML
  Parameters: {"authenticity_token"=>"[FILTERED]", "user"=>{"email"=>"niyanta150792@gmail.com", "password"=>"[FILTERED]", "remember_me"=>"0"}, "commit"=>"Log in"}
  [1m[36mUser Load (0.5ms)[0m  [1m[34mSELECT `users`.* FROM `users` WHERE `users`.`email` = 'niyanta150792@gmail.com' ORDER BY `users`.`id` ASC LIMIT 1[0m
Redirected to http://localhost:3000/
Completed 302 Found in 424ms (ActiveRecord: 0.9ms | Allocations: 6947)


Started GET "/" for ::1 at 2021-10-30 23:17:13 +0530
Processing by WelcomeController#index as HTML
  [1m[36mUser Load (0.4ms)[0m  [1m[34mSELECT `users`.* FROM `users` WHERE `users`.`id` = 1 ORDER BY `users`.`id` ASC LIMIT 1[0m
  Rendering layout layouts/application.html.erb
  Rendering welcome/index.html.erb within layouts/application
  Rendered welcome/index.html.erb within layouts/application (Duration: 0.9ms | Allocations: 136)
[Webpacker] Everything's up-to-date. Nothing to do
  Rendered layouts/_navbar.html.erb (Duration: 0.1ms | Allocations: 6)
  Rendered layout layouts/application.html.erb (Duration: 7.6ms | Allocations: 3336)
Completed 200 OK in 14ms (Views: 9.5ms | ActiveRecord: 0.4ms | Allocations: 5508)


Started GET "/" for ::1 at 2021-10-30 23:18:15 +0530
Processing by WelcomeController#index as HTML
  [1m[36mUser Load (0.4ms)[0m  [1m[34mSELECT `users`.* FROM `users` WHERE `users`.`id` = 1 ORDER BY `users`.`id` ASC LIMIT 1[0m
  Rendering layout layouts/application.html.erb
  Rendering welcome/index.html.erb within layouts/application
  Rendered welcome/index.html.erb within layouts/application (Duration: 1.0ms | Allocations: 129)
[Webpacker] Everything's up-to-date. Nothing to do
  Rendered layouts/_navbar.html.erb (Duration: 0.3ms | Allocations: 107)
  Rendered layout layouts/application.html.erb (Duration: 10.5ms | Allocations: 3765)
Completed 200 OK in 18ms (Views: 12.4ms | ActiveRecord: 0.4ms | Allocations: 6143)


Started DELETE "/users/sign_out" for ::1 at 2021-10-30 23:18:26 +0530
Processing by Devise::SessionsController#destroy as HTML
  Parameters: {"authenticity_token"=>"[FILTERED]"}
  [1m[36mUser Load (0.4ms)[0m  [1m[34mSELECT `users`.* FROM `users` WHERE `users`.`id` = 1 ORDER BY `users`.`id` ASC LIMIT 1[0m
Redirected to http://localhost:3000/
Completed 302 Found in 21ms (ActiveRecord: 0.4ms | Allocations: 4155)


Started GET "/" for ::1 at 2021-10-30 23:18:26 +0530
Processing by WelcomeController#index as HTML
Completed 401 Unauthorized in 1ms (ActiveRecord: 0.0ms | Allocations: 229)


Started GET "/users/sign_in" for ::1 at 2021-10-30 23:18:26 +0530
Processing by Devise::SessionsController#new as HTML
  Rendering layout layouts/application.html.erb
  Rendering devise/sessions/new.html.erb within layouts/application
  Rendered devise/shared/_links.html.erb (Duration: 2.2ms | Allocations: 567)
  Rendered devise/sessions/new.html.erb within layouts/application (Duration: 8.3ms | Allocations: 1887)
[Webpacker] Everything's up-to-date. Nothing to do
  Rendered layouts/_navbar.html.erb (Duration: 0.3ms | Allocations: 106)
  Rendered layout layouts/application.html.erb (Duration: 16.0ms | Allocations: 5551)
Completed 200 OK in 24ms (Views: 21.8ms | ActiveRecord: 0.0ms | Allocations: 7451)


Started GET "/users/sign_in" for ::1 at 2021-10-30 23:21:48 +0530
Processing by Devise::SessionsController#new as HTML
  Rendering layout layouts/application.html.erb
  Rendering devise/sessions/new.html.erb within layouts/application
  Rendered devise/shared/_links.html.erb (Duration: 1.3ms | Allocations: 567)
  Rendered devise/sessions/new.html.erb within layouts/application (Duration: 4.9ms | Allocations: 1884)
[Webpacker] Everything's up-to-date. Nothing to do
  Rendered layouts/_navbar.html.erb (Duration: 0.4ms | Allocations: 106)
  Rendered layouts/_messages.html.erb (Duration: 0.6ms | Allocations: 136)
  Rendered layout layouts/application.html.erb (Duration: 14.3ms | Allocations: 5883)
Completed 200 OK in 20ms (Views: 18.3ms | ActiveRecord: 0.0ms | Allocations: 7784)


Started GET "/users/sign_up" for ::1 at 2021-10-30 23:21:50 +0530
Processing by Devise::RegistrationsController#new as HTML
  Rendering layout layouts/application.html.erb
  Rendering devise/registrations/new.html.erb within layouts/application
  Rendered devise/shared/_links.html.erb (Duration: 0.3ms | Allocations: 89)
  Rendered devise/registrations/new.html.erb within layouts/application (Duration: 4.2ms | Allocations: 1325)
[Webpacker] Everything's up-to-date. Nothing to do
  Rendered layouts/_navbar.html.erb (Duration: 0.1ms | Allocations: 5)
  Rendered layouts/_messages.html.erb (Duration: 0.1ms | Allocations: 21)
  Rendered layout layouts/application.html.erb (Duration: 17.5ms | Allocations: 5222)
Completed 200 OK in 23ms (Views: 21.0ms | ActiveRecord: 0.0ms | Allocations: 6400)


Started POST "/users" for ::1 at 2021-10-30 23:21:52 +0530
Processing by Devise::RegistrationsController#create as HTML
  Parameters: {"authenticity_token"=>"[FILTERED]", "user"=>{"email"=>"", "password"=>"[FILTERED]", "password_confirmation"=>"[FILTERED]"}, "commit"=>"Sign up"}
  Rendering layout layouts/application.html.erb
  Rendering devise/registrations/new.html.erb within layouts/application
  Rendered devise/shared/_links.html.erb (Duration: 0.5ms | Allocations: 88)
  Rendered devise/registrations/new.html.erb within layouts/application (Duration: 19.0ms | Allocations: 2849)
[Webpacker] Everything's up-to-date. Nothing to do
  Rendered layouts/_navbar.html.erb (Duration: 0.2ms | Allocations: 5)
  Rendered layouts/_messages.html.erb (Duration: 0.3ms | Allocations: 21)
  Rendered layout layouts/application.html.erb (Duration: 28.7ms | Allocations: 6104)
Completed 200 OK in 41ms (Views: 30.4ms | ActiveRecord: 0.0ms | Allocations: 9254)


Started GET "/users/sign_in" for ::1 at 2021-10-30 23:21:56 +0530
Processing by Devise::SessionsController#new as HTML
  Rendering layout layouts/application.html.erb
  Rendering devise/sessions/new.html.erb within layouts/application
  Rendered devise/shared/_links.html.erb (Duration: 0.5ms | Allocations: 146)
  Rendered devise/sessions/new.html.erb within layouts/application (Duration: 3.7ms | Allocations: 986)
[Webpacker] Everything's up-to-date. Nothing to do
  Rendered layouts/_navbar.html.erb (Duration: 0.1ms | Allocations: 5)
  Rendered layouts/_messages.html.erb (Duration: 0.2ms | Allocations: 21)
  Rendered layout layouts/application.html.erb (Duration: 12.9ms | Allocations: 4303)
Completed 200 OK in 15ms (Views: 13.8ms | ActiveRecord: 0.0ms | Allocations: 4898)


Started POST "/users/sign_in" for ::1 at 2021-10-30 23:22:01 +0530
Processing by Devise::SessionsController#create as HTML
  Parameters: {"authenticity_token"=>"[FILTERED]", "user"=>{"email"=>"niyanta150792@gmail.com", "password"=>"[FILTERED]", "remember_me"=>"0"}, "commit"=>"Log in"}
  [1m[36mUser Load (0.7ms)[0m  [1m[34mSELECT `users`.* FROM `users` WHERE `users`.`email` = 'niyanta150792@gmail.com' ORDER BY `users`.`id` ASC LIMIT 1[0m
Redirected to http://localhost:3000/
Completed 302 Found in 339ms (ActiveRecord: 0.7ms | Allocations: 2679)


Started GET "/" for ::1 at 2021-10-30 23:22:02 +0530
Processing by WelcomeController#index as HTML
  [1m[36mUser Load (0.3ms)[0m  [1m[34mSELECT `users`.* FROM `users` WHERE `users`.`id` = 1 ORDER BY `users`.`id` ASC LIMIT 1[0m
  Rendering layout layouts/application.html.erb
  Rendering welcome/index.html.erb within layouts/application
  Rendered welcome/index.html.erb within layouts/application (Duration: 0.9ms | Allocations: 132)
[Webpacker] Everything's up-to-date. Nothing to do
  Rendered layouts/_navbar.html.erb (Duration: 0.0ms | Allocations: 6)
  Rendered layouts/_messages.html.erb (Duration: 0.2ms | Allocations: 27)
  Rendered layout layouts/application.html.erb (Duration: 9.9ms | Allocations: 3426)
Completed 200 OK in 20ms (Views: 13.2ms | ActiveRecord: 0.3ms | Allocations: 5591)


Started DELETE "/users/sign_out" for ::1 at 2021-10-30 23:22:04 +0530
Processing by Devise::SessionsController#destroy as HTML
  Parameters: {"authenticity_token"=>"[FILTERED]"}
  [1m[36mUser Load (0.6ms)[0m  [1m[34mSELECT `users`.* FROM `users` WHERE `users`.`id` = 1 ORDER BY `users`.`id` ASC LIMIT 1[0m
Redirected to http://localhost:3000/
Completed 302 Found in 7ms (ActiveRecord: 0.6ms | Allocations: 1701)


Started GET "/" for ::1 at 2021-10-30 23:22:04 +0530
Processing by WelcomeController#index as HTML
Completed 401 Unauthorized in 1ms (ActiveRecord: 0.0ms | Allocations: 230)


Started GET "/users/sign_in" for ::1 at 2021-10-30 23:22:04 +0530
Processing by Devise::SessionsController#new as HTML
  Rendering layout layouts/application.html.erb
  Rendering devise/sessions/new.html.erb within layouts/application
  Rendered devise/shared/_links.html.erb (Duration: 0.5ms | Allocations: 146)
  Rendered devise/sessions/new.html.erb within layouts/application (Duration: 2.9ms | Allocations: 989)
[Webpacker] Everything's up-to-date. Nothing to do
  Rendered layouts/_navbar.html.erb (Duration: 0.0ms | Allocations: 5)
  Rendered layouts/_messages.html.erb (Duration: 0.1ms | Allocations: 31)
  Rendered layout layouts/application.html.erb (Duration: 10.8ms | Allocations: 4306)
Completed 200 OK in 13ms (Views: 11.5ms | ActiveRecord: 0.0ms | Allocations: 4902)


Started GET "/users/sign_in" for ::1 at 2021-10-30 23:24:15 +0530
Processing by Devise::SessionsController#new as HTML
  Rendering layout layouts/application.html.erb
  Rendering devise/sessions/new.html.erb within layouts/application
  Rendered devise/shared/_links.html.erb (Duration: 1.9ms | Allocations: 567)
  Rendered devise/sessions/new.html.erb within layouts/application (Duration: 6.1ms | Allocations: 1883)
[Webpacker] Everything's up-to-date. Nothing to do
  Rendered layouts/_navbar.html.erb (Duration: 0.3ms | Allocations: 106)
  Rendered layouts/_messages.html.erb (Duration: 0.5ms | Allocations: 180)
  Rendered layout layouts/application.html.erb (Duration: 18.3ms | Allocations: 5913)
Completed 200 OK in 24ms (Views: 22.2ms | ActiveRecord: 0.0ms | Allocations: 7819)


Started POST "/users/sign_in" for ::1 at 2021-10-30 23:24:17 +0530
Processing by Devise::SessionsController#create as HTML
  Parameters: {"authenticity_token"=>"[FILTERED]", "user"=>{"email"=>"", "password"=>"[FILTERED]", "remember_me"=>"0"}, "commit"=>"Log in"}
Completed 401 Unauthorized in 1ms (ActiveRecord: 0.0ms | Allocations: 343)


Processing by Devise::SessionsController#new as HTML
  Parameters: {"authenticity_token"=>"[FILTERED]", "user"=>{"email"=>"", "password"=>"[FILTERED]", "remember_me"=>"0"}, "commit"=>"Log in"}
  Rendering layout layouts/application.html.erb
  Rendering devise/sessions/new.html.erb within layouts/application
  Rendered devise/shared/_links.html.erb (Duration: 0.8ms | Allocations: 146)
  Rendered devise/sessions/new.html.erb within layouts/application (Duration: 5.4ms | Allocations: 980)
[Webpacker] Everything's up-to-date. Nothing to do
  Rendered layouts/_navbar.html.erb (Duration: 0.0ms | Allocations: 5)
  Rendered layouts/_messages.html.erb (Duration: 0.1ms | Allocations: 15)
  Rendered layout layouts/application.html.erb (Duration: 15.5ms | Allocations: 4299)
Completed 200 OK in 18ms (Views: 17.0ms | ActiveRecord: 0.0ms | Allocations: 4799)


Started POST "/users/sign_in" for ::1 at 2021-10-30 23:24:26 +0530
Processing by Devise::SessionsController#create as HTML
  Parameters: {"authenticity_token"=>"[FILTERED]", "user"=>{"email"=>"niyanta150792@gmail.com", "password"=>"[FILTERED]", "remember_me"=>"0"}, "commit"=>"Log in"}
  [1m[36mUser Load (0.5ms)[0m  [1m[34mSELECT `users`.* FROM `users` WHERE `users`.`email` = 'niyanta150792@gmail.com' ORDER BY `users`.`id` ASC LIMIT 1[0m
Redirected to http://localhost:3000/
Completed 302 Found in 329ms (ActiveRecord: 0.5ms | Allocations: 3484)


Started GET "/" for ::1 at 2021-10-30 23:24:26 +0530
Processing by WelcomeController#index as HTML
  [1m[36mUser Load (0.5ms)[0m  [1m[34mSELECT `users`.* FROM `users` WHERE `users`.`id` = 1 ORDER BY `users`.`id` ASC LIMIT 1[0m
  Rendering layout layouts/application.html.erb
  Rendering welcome/index.html.erb within layouts/application
  Rendered welcome/index.html.erb within layouts/application (Duration: 0.8ms | Allocations: 129)
[Webpacker] Everything's up-to-date. Nothing to do
  Rendered layouts/_navbar.html.erb (Duration: 0.0ms | Allocations: 6)
  Rendered layouts/_messages.html.erb (Duration: 0.1ms | Allocations: 27)
  Rendered layout layouts/application.html.erb (Duration: 7.2ms | Allocations: 3423)
Completed 200 OK in 15ms (Views: 9.8ms | ActiveRecord: 0.5ms | Allocations: 5586)


Started DELETE "/users/sign_out" for ::1 at 2021-10-30 23:24:28 +0530
Processing by Devise::SessionsController#destroy as HTML
  Parameters: {"authenticity_token"=>"[FILTERED]"}
  [1m[36mUser Load (0.6ms)[0m  [1m[34mSELECT `users`.* FROM `users` WHERE `users`.`id` = 1 ORDER BY `users`.`id` ASC LIMIT 1[0m
Redirected to http://localhost:3000/
Completed 302 Found in 9ms (ActiveRecord: 0.6ms | Allocations: 1692)


Started GET "/" for ::1 at 2021-10-30 23:24:28 +0530
Processing by WelcomeController#index as HTML
Completed 401 Unauthorized in 2ms (ActiveRecord: 0.0ms | Allocations: 229)


Started GET "/users/sign_in" for ::1 at 2021-10-30 23:24:28 +0530
Processing by Devise::SessionsController#new as HTML
  Rendering layout layouts/application.html.erb
  Rendering devise/sessions/new.html.erb within layouts/application
  Rendered devise/shared/_links.html.erb (Duration: 0.7ms | Allocations: 146)
  Rendered devise/sessions/new.html.erb within layouts/application (Duration: 3.7ms | Allocations: 989)
[Webpacker] Everything's up-to-date. Nothing to do
  Rendered layouts/_navbar.html.erb (Duration: 0.1ms | Allocations: 5)
  Rendered layouts/_messages.html.erb (Duration: 0.1ms | Allocations: 28)
  Rendered layout layouts/application.html.erb (Duration: 11.7ms | Allocations: 4313)
Completed 200 OK in 14ms (Views: 12.5ms | ActiveRecord: 0.0ms | Allocations: 4909)


  [1m[35m (0.2ms)[0m  [1m[34mSELECT GET_LOCK('4978512331109723490', 0)[0m
  [1m[35m (0.4ms)[0m  [1m[34mSELECT `schema_migrations`.`version` FROM `schema_migrations` ORDER BY `schema_migrations`.`version` ASC[0m
Migrating to CreateStocks (20211030183403)
  [1m[35m (32.7ms)[0m  [1m[35mCREATE TABLE `stocks` (`id` bigint NOT NULL AUTO_INCREMENT PRIMARY KEY, `ticker` varchar(255), `name` varchar(255), `last_price` decimal, `created_at` datetime(6) NOT NULL, `updated_at` datetime(6) NOT NULL)[0m
  [1m[36mTRANSACTION (0.5ms)[0m  [1m[35mBEGIN[0m
  [1m[36mActiveRecord::SchemaMigration Create (1.1ms)[0m  [1m[32mINSERT INTO `schema_migrations` (`version`) VALUES ('20211030183403')[0m
  [1m[36mTRANSACTION (5.2ms)[0m  [1m[35mCOMMIT[0m
  [1m[36mActiveRecord::InternalMetadata Load (1.1ms)[0m  [1m[34mSELECT `ar_internal_metadata`.* FROM `ar_internal_metadata` WHERE `ar_internal_metadata`.`key` = 'environment' LIMIT 1[0m
  [1m[35m (0.6ms)[0m  [1m[34mSELECT RELEASE_LOCK('4978512331109723490')[0m
  [1m[35m (1.1ms)[0m  [1m[34mSELECT `schema_migrations`.`version` FROM `schema_migrations` ORDER BY `schema_migrations`.`version` ASC[0m
  [1m[36mTRANSACTION (0.2ms)[0m  [1m[35mBEGIN[0m
  [1m[36mStock Create (0.5ms)[0m  [1m[32mINSERT INTO `stocks` (`ticker`, `name`, `last_price`, `created_at`, `updated_at`) VALUES ('GOOG', 'Alphabet', 3102, '2021-10-30 18:35:52.801692', '2021-10-30 18:35:52.801692')[0m
  [1m[36mTRANSACTION (17.8ms)[0m  [1m[35mCOMMIT[0m
  [1m[36mStock Load (0.5ms)[0m  [1m[34mSELECT `stocks`.* FROM `stocks` /* loading for inspect */ LIMIT 11[0m
  [1m[36mStock Load (0.4ms)[0m  [1m[34mSELECT `stocks`.* FROM `stocks`[0m
  [1m[36mStock Load (0.9ms)[0m  [1m[34mSELECT `stocks`.* FROM `stocks` ORDER BY `stocks`.`id` ASC LIMIT 1[0m
  [1m[36mStock Load (0.7ms)[0m  [1m[34mSELECT `stocks`.* FROM `stocks` WHERE `stocks`.`id` = 1 LIMIT 1[0m
  [1m[36mStock Load (0.9ms)[0m  [1m[34mSELECT `stocks`.* FROM `stocks` WHERE `stocks`.`id` = 1 LIMIT 1[0m
  [1m[36mStock Load (0.5ms)[0m  [1m[34mSELECT `stocks`.* FROM `stocks` WHERE `stocks`.`id` = 1 LIMIT 1[0m
  [1m[36mStock Load (0.4ms)[0m  [1m[34mSELECT `stocks`.* FROM `stocks` WHERE `stocks`.`id` = 1 LIMIT 1[0m
  [1m[36mStock Load (0.7ms)[0m  [1m[34mSELECT `stocks`.* FROM `stocks` ORDER BY `stocks`.`id` ASC LIMIT 1[0m
  [1m[36mStock Load (0.8ms)[0m  [1m[34mSELECT `stocks`.* FROM `stocks` ORDER BY `stocks`.`id` ASC LIMIT 1[0m
  [1m[36mStock Load (0.9ms)[0m  [1m[34mSELECT `stocks`.* FROM `stocks` ORDER BY `stocks`.`id` ASC LIMIT 1[0m
